  [1m[35m (0.1ms)[0m  [1m[34mSELECT sqlite_version(*)[0m
  [1m[35m (178.9ms)[0m  [1m[35mCREATE TABLE "schema_migrations" ("version" varchar NOT NULL PRIMARY KEY)[0m
  [1m[35m (90.0ms)[0m  [1m[35mCREATE TABLE "ar_internal_metadata" ("key" varchar NOT NULL PRIMARY KEY, "value" varchar, "created_at" datetime NOT NULL, "updated_at" datetime NOT NULL)[0m
  [1m[36mActiveRecord::InternalMetadata Load (0.4ms)[0m  [1m[34mSELECT  "ar_internal_metadata".* FROM "ar_internal_metadata" WHERE "ar_internal_metadata"."key" = ? LIMIT ?[0m  [["key", "environment"], ["LIMIT", 1]]
  [1m[35m (0.1ms)[0m  [1m[36mbegin transaction[0m
  [1m[35mSQL (1.1ms)[0m  [1m[32mINSERT INTO "ar_internal_metadata" ("key", "value", "created_at", "updated_at") VALUES (?, ?, ?, ?)[0m  [["key", "environment"], ["value", "development"], ["created_at", "2018-04-24 15:46:12.045779"], ["updated_at", "2018-04-24 15:46:12.045779"]]
  [1m[35m (68.2ms)[0m  [1m[36mcommit transaction[0m
  [1m[35m (0.3ms)[0m  [1m[34mSELECT "schema_migrations"."version" FROM "schema_migrations" ORDER BY "schema_migrations"."version" ASC[0m
Started GET "/" for 127.0.0.1 at 2018-04-24 12:49:31 -0300
Processing by HomeController#index as HTML
  Rendering home/index.html within layouts/application
  Rendered home/index.html within layouts/application (1.0ms)
Completed 200 OK in 600ms (Views: 513.7ms)


Started GET "/" for 127.0.0.1 at 2018-04-24 12:50:15 -0300
Processing by HomeController#index as HTML
  Rendering home/index.html within layouts/application
  Rendered home/index.html within layouts/application (0.9ms)
Completed 200 OK in 64ms (Views: 59.2ms)


Started GET "/" for 127.0.0.1 at 2018-04-24 12:51:44 -0300
Processing by HomeController#index as HTML
  Rendering home/index.html within layouts/application
  Rendered home/index.html within layouts/application (0.9ms)
Completed 200 OK in 85ms (Views: 82.0ms)


Started GET "/" for 127.0.0.1 at 2018-04-24 12:51:51 -0300
Processing by HomeController#index as HTML
  Rendering home/index.html within layouts/application
  Rendered home/index.html within layouts/application (0.9ms)
Completed 200 OK in 75ms (Views: 70.8ms)


Started GET "/" for 127.0.0.1 at 2018-04-24 12:51:55 -0300
Processing by HomeController#index as HTML
  Rendering home/index.html within layouts/application
  Rendered home/index.html within layouts/application (0.9ms)
Completed 200 OK in 125ms (Views: 121.8ms)


Started GET "/" for 127.0.0.1 at 2018-04-24 12:52:05 -0300
Processing by HomeController#index as HTML
  Rendering home/index.html within layouts/application
  Rendered home/index.html within layouts/application (0.2ms)
Completed 200 OK in 17ms (Views: 16.4ms)


Started GET "/" for 127.0.0.1 at 2018-04-24 12:52:06 -0300
Processing by HomeController#index as HTML
  Rendering home/index.html within layouts/application
  Rendered home/index.html within layouts/application (0.7ms)
Completed 200 OK in 32ms (Views: 28.6ms)


Started GET "/" for 127.0.0.1 at 2018-04-24 12:52:06 -0300
Processing by HomeController#index as HTML
  Rendering home/index.html within layouts/application
  Rendered home/index.html within layouts/application (1.1ms)
Completed 200 OK in 50ms (Views: 46.0ms)


Started GET "/" for 127.0.0.1 at 2018-04-24 12:52:09 -0300
Processing by HomeController#index as HTML
  Rendering home/index.html within layouts/application
  Rendered home/index.html within layouts/application (0.2ms)
Completed 200 OK in 8ms (Views: 7.7ms)


Started GET "/" for 127.0.0.1 at 2018-04-24 12:52:10 -0300
Processing by HomeController#index as HTML
  Rendering home/index.html within layouts/application
  Rendered home/index.html within layouts/application (0.4ms)
Completed 200 OK in 23ms (Views: 19.5ms)


Started GET "/" for 127.0.0.1 at 2018-04-24 12:52:23 -0300
Processing by HomeController#index as HTML
  Rendering home/index.html within layouts/application
  Rendered home/index.html within layouts/application (1.1ms)
Completed 200 OK in 81ms (Views: 76.0ms)


Started GET "/" for 127.0.0.1 at 2018-04-24 12:52:43 -0300
Processing by HomeController#index as HTML
  Rendering home/index.html within layouts/application
  Rendered home/index.html within layouts/application (0.6ms)
Completed 200 OK in 58ms (Views: 54.5ms)


Started GET "/" for 127.0.0.1 at 2018-04-24 12:52:43 -0300
Processing by HomeController#index as HTML
  Rendering home/index.html within layouts/application
  Rendered home/index.html within layouts/application (0.5ms)
Completed 200 OK in 30ms (Views: 25.6ms)


Started GET "/" for 127.0.0.1 at 2018-04-24 12:52:43 -0300
Processing by HomeController#index as HTML
  Rendering home/index.html within layouts/application
  Rendered home/index.html within layouts/application (0.9ms)
Completed 200 OK in 72ms (Views: 68.9ms)


Started GET "/" for 127.0.0.1 at 2018-04-24 12:52:44 -0300
Processing by HomeController#index as HTML
  Rendering home/index.html within layouts/application
  Rendered home/index.html within layouts/application (0.3ms)
Completed 200 OK in 22ms (Views: 20.6ms)


Started GET "/" for 127.0.0.1 at 2018-04-24 12:52:44 -0300
Processing by HomeController#index as HTML
  Rendering home/index.html within layouts/application
  Rendered home/index.html within layouts/application (0.8ms)
Completed 200 OK in 63ms (Views: 59.6ms)


Started GET "/" for 127.0.0.1 at 2018-04-24 12:52:44 -0300
Processing by HomeController#index as HTML
  Rendering home/index.html within layouts/application
  Rendered home/index.html within layouts/application (0.4ms)
Completed 200 OK in 34ms (Views: 31.9ms)


Started GET "/" for 127.0.0.1 at 2018-04-24 12:52:53 -0300
Processing by HomeController#index as HTML
  Rendering home/index.html within layouts/application
  Rendered home/index.html within layouts/application (1.1ms)
Completed 200 OK in 66ms (Views: 61.3ms)


Started GET "/" for 127.0.0.1 at 2018-04-24 12:52:54 -0300
Processing by HomeController#index as HTML
  Rendering home/index.html within layouts/application
  Rendered home/index.html within layouts/application (0.9ms)
Completed 200 OK in 52ms (Views: 47.3ms)


Started GET "/" for 127.0.0.1 at 2018-04-24 12:52:54 -0300
Processing by HomeController#index as HTML
  Rendering home/index.html within layouts/application
  Rendered home/index.html within layouts/application (0.9ms)
Completed 200 OK in 65ms (Views: 61.0ms)


Started GET "/" for 127.0.0.1 at 2018-04-24 12:53:00 -0300
Processing by HomeController#index as HTML
  Rendering home/index.html within layouts/application
  Rendered home/index.html within layouts/application (1.1ms)
Completed 200 OK in 80ms (Views: 77.6ms)


Started GET "/" for 127.0.0.1 at 2018-04-24 12:53:01 -0300
Processing by HomeController#index as HTML
  Rendering home/index.html within layouts/application
  Rendered home/index.html within layouts/application (1.4ms)
Completed 200 OK in 63ms (Views: 59.2ms)


Started GET "/" for 127.0.0.1 at 2018-04-24 12:53:46 -0300
Processing by HomeController#index as HTML
  Rendering home/index.html within layouts/application
  Rendered home/index.html within layouts/application (0.8ms)
Completed 200 OK in 75ms (Views: 70.9ms)


Started GET "/" for 127.0.0.1 at 2018-04-24 12:53:47 -0300
Processing by HomeController#index as HTML
  Rendering home/index.html within layouts/application
  Rendered home/index.html within layouts/application (1.2ms)
Completed 200 OK in 65ms (Views: 59.3ms)


Started GET "/" for 127.0.0.1 at 2018-04-24 12:53:47 -0300
Processing by HomeController#index as HTML
  Rendering home/index.html within layouts/application
  Rendered home/index.html within layouts/application (1.2ms)
Completed 200 OK in 62ms (Views: 57.9ms)


Started GET "/" for 127.0.0.1 at 2018-04-24 12:53:54 -0300
Processing by HomeController#index as HTML
  Rendering home/index.html within layouts/application
  Rendered home/index.html within layouts/application (1.1ms)
Completed 200 OK in 102ms (Views: 99.1ms)


Started GET "/" for 127.0.0.1 at 2018-04-24 12:54:20 -0300
Processing by HomeController#index as HTML
  Rendering home/index.html within layouts/application
  Rendered home/index.html within layouts/application (1.3ms)
Completed 200 OK in 78ms (Views: 73.9ms)


Started GET "/" for 127.0.0.1 at 2018-04-24 12:54:29 -0300
Processing by HomeController#index as HTML
  Rendering home/index.html within layouts/application
  Rendered home/index.html within layouts/application (1.0ms)
Completed 200 OK in 89ms (Views: 85.0ms)


Started GET "/" for 127.0.0.1 at 2018-04-24 12:54:30 -0300
Processing by HomeController#index as HTML
  Rendering home/index.html within layouts/application
  Rendered home/index.html within layouts/application (0.9ms)
Completed 200 OK in 66ms (Views: 61.9ms)


Started GET "/" for 127.0.0.1 at 2018-04-24 12:55:24 -0300
Processing by HomeController#index as HTML
  Rendering home/index.html within layouts/application
  Rendered home/index.html within layouts/application (0.9ms)
Completed 200 OK in 88ms (Views: 83.9ms)


Started GET "/" for 127.0.0.1 at 2018-04-24 12:55:25 -0300
Processing by HomeController#index as HTML
  Rendering home/index.html within layouts/application
  Rendered home/index.html within layouts/application (1.2ms)
Completed 200 OK in 74ms (Views: 70.4ms)


Started GET "/" for 127.0.0.1 at 2018-04-24 12:56:08 -0300
Processing by HomeController#index as HTML
  Rendering home/index.html within layouts/application
  Rendered home/index.html within layouts/application (0.2ms)
Completed 200 OK in 18ms (Views: 17.0ms)


Started GET "/" for 127.0.0.1 at 2018-04-24 12:56:09 -0300
Processing by HomeController#index as HTML
  Rendering home/index.html within layouts/application
  Rendered home/index.html within layouts/application (1.2ms)
Completed 200 OK in 69ms (Views: 65.1ms)


Started GET "/" for 127.0.0.1 at 2018-04-24 12:56:43 -0300
Processing by HomeController#index as HTML
  Rendering home/index.html within layouts/application
  Rendered home/index.html within layouts/application (0.8ms)
Completed 200 OK in 60ms (Views: 56.0ms)


Started GET "/" for 127.0.0.1 at 2018-04-24 12:57:45 -0300
Processing by HomeController#index as HTML
  Rendering home/index.html within layouts/application
  Rendered home/index.html within layouts/application (1.2ms)
Completed 200 OK in 85ms (Views: 80.7ms)


Started GET "/" for 127.0.0.1 at 2018-04-24 12:57:46 -0300
Processing by HomeController#index as HTML
  Rendering home/index.html within layouts/application
  Rendered home/index.html within layouts/application (1.1ms)
Completed 200 OK in 58ms (Views: 53.3ms)


Started GET "/" for 127.0.0.1 at 2018-04-24 12:57:46 -0300
Processing by HomeController#index as HTML
  Rendering home/index.html within layouts/application
  Rendered home/index.html within layouts/application (1.0ms)
Completed 200 OK in 66ms (Views: 61.6ms)


Started GET "/" for 127.0.0.1 at 2018-04-24 12:58:07 -0300
Processing by HomeController#index as HTML
  Rendering home/index.html within layouts/application
  Rendered home/index.html within layouts/application (0.8ms)
Completed 200 OK in 63ms (Views: 58.2ms)


Started GET "/" for 127.0.0.1 at 2018-04-24 12:58:53 -0300
Processing by HomeController#index as HTML
  Rendering home/index.html within layouts/application
  Rendered home/index.html within layouts/application (1.1ms)
Completed 200 OK in 45ms (Views: 40.8ms)


Started GET "/" for 127.0.0.1 at 2018-04-24 12:59:34 -0300
Processing by HomeController#index as HTML
  Rendering home/index.html within layouts/application
  Rendered home/index.html within layouts/application (0.8ms)
Completed 200 OK in 76ms (Views: 70.9ms)


Started GET "/" for 127.0.0.1 at 2018-04-24 12:59:47 -0300
Processing by HomeController#index as HTML
  Rendering home/index.html within layouts/application
  Rendered home/index.html within layouts/application (0.7ms)
Completed 200 OK in 82ms (Views: 77.9ms)


Started GET "/" for 127.0.0.1 at 2018-04-24 13:03:54 -0300
Processing by HomeController#index as HTML
  Rendering home/index.html within layouts/application
  Rendered home/index.html within layouts/application (1.3ms)
Completed 200 OK in 75ms (Views: 71.6ms)


Started GET "/" for 127.0.0.1 at 2018-04-24 13:04:02 -0300
Processing by HomeController#index as HTML
  Rendering home/index.html within layouts/application
  Rendered home/index.html within layouts/application (0.6ms)
Completed 200 OK in 33ms (Views: 30.3ms)


Started GET "/" for 127.0.0.1 at 2018-04-24 13:04:10 -0300
Processing by HomeController#index as HTML
  Rendering home/index.html within layouts/application
  Rendered home/index.html within layouts/application (1.0ms)
Completed 200 OK in 68ms (Views: 64.6ms)


Started GET "/" for 127.0.0.1 at 2018-04-24 13:04:18 -0300
Processing by HomeController#index as HTML
  Rendering home/index.html within layouts/application
  Rendered home/index.html within layouts/application (1.0ms)
Completed 200 OK in 54ms (Views: 50.4ms)


Started GET "/" for 127.0.0.1 at 2018-04-24 13:04:24 -0300
Processing by HomeController#index as HTML
  Rendering home/index.html within layouts/application
  Rendered home/index.html within layouts/application (0.3ms)
Completed 200 OK in 26ms (Views: 24.8ms)


Started GET "/" for 127.0.0.1 at 2018-04-24 13:04:28 -0300
Processing by HomeController#index as HTML
  Rendering home/index.html within layouts/application
  Rendered home/index.html within layouts/application (1.0ms)
Completed 200 OK in 78ms (Views: 74.4ms)


Started GET "/" for 127.0.0.1 at 2018-04-24 13:04:31 -0300
Processing by HomeController#index as HTML
  Rendering home/index.html within layouts/application
  Rendered home/index.html within layouts/application (0.2ms)
Completed 200 OK in 63ms (Views: 62.3ms)


Started GET "/" for 127.0.0.1 at 2018-04-24 13:04:44 -0300
Processing by HomeController#index as HTML
  Rendering home/index.html within layouts/application
  Rendered home/index.html within layouts/application (0.7ms)
Completed 200 OK in 73ms (Views: 68.1ms)


Started GET "/" for 127.0.0.1 at 2018-04-24 13:05:27 -0300
Processing by HomeController#index as HTML
  Rendering home/index.html within layouts/application
  Rendered home/index.html within layouts/application (1.1ms)
Completed 200 OK in 92ms (Views: 88.4ms)


Started GET "/" for 127.0.0.1 at 2018-04-24 13:06:27 -0300
Processing by HomeController#index as HTML
  Rendering home/index.html within layouts/application
  Rendered home/index.html within layouts/application (0.9ms)
Completed 200 OK in 73ms (Views: 69.4ms)


Started GET "/" for 127.0.0.1 at 2018-04-24 13:07:09 -0300
Processing by HomeController#index as HTML
  Rendering home/index.html within layouts/application
  Rendered home/index.html within layouts/application (0.9ms)
Completed 200 OK in 67ms (Views: 62.9ms)


Started GET "/" for 127.0.0.1 at 2018-04-24 13:07:17 -0300
Processing by HomeController#index as HTML
  Rendering home/index.html within layouts/application
  Rendered home/index.html within layouts/application (0.8ms)
Completed 200 OK in 50ms (Views: 47.3ms)


Started GET "/" for 127.0.0.1 at 2018-04-24 13:07:25 -0300
Processing by HomeController#index as HTML
  Rendering home/index.html within layouts/application
  Rendered home/index.html within layouts/application (0.9ms)
Completed 200 OK in 90ms (Views: 85.9ms)


Started GET "/" for 127.0.0.1 at 2018-04-24 13:07:25 -0300
Processing by HomeController#index as HTML
  Rendering home/index.html within layouts/application
  Rendered home/index.html within layouts/application (1.2ms)
Completed 200 OK in 69ms (Views: 64.8ms)


Started GET "/" for 127.0.0.1 at 2018-04-24 13:07:32 -0300
Processing by HomeController#index as HTML
  Rendering home/index.html within layouts/application
  Rendered home/index.html within layouts/application (1.1ms)
Completed 200 OK in 108ms (Views: 103.5ms)


Started GET "/" for 127.0.0.1 at 2018-04-24 13:07:37 -0300
Processing by HomeController#index as HTML
  Rendering home/index.html within layouts/application
  Rendered home/index.html within layouts/application (0.3ms)
Completed 200 OK in 23ms (Views: 21.0ms)


Started GET "/" for 127.0.0.1 at 2018-04-24 13:07:38 -0300
Processing by HomeController#index as HTML
  Rendering home/index.html within layouts/application
  Rendered home/index.html within layouts/application (0.3ms)
Completed 200 OK in 20ms (Views: 18.6ms)


Started GET "/" for 127.0.0.1 at 2018-04-24 13:08:35 -0300
Processing by HomeController#index as HTML
  Rendering home/index.html within layouts/application
  Rendered home/index.html within layouts/application (0.3ms)
Completed 200 OK in 16ms (Views: 15.2ms)


Started GET "/" for 127.0.0.1 at 2018-04-24 13:08:52 -0300
Processing by HomeController#index as HTML
  Rendering home/index.html within layouts/application
  Rendered home/index.html within layouts/application (3.1ms)
Completed 200 OK in 51ms (Views: 48.6ms)


Started GET "/" for 127.0.0.1 at 2018-04-24 13:08:52 -0300
Processing by HomeController#index as HTML
  Rendering home/index.html within layouts/application
  Rendered home/index.html within layouts/application (0.7ms)
Completed 200 OK in 32ms (Views: 28.8ms)


Started GET "/" for 127.0.0.1 at 2018-04-24 13:09:41 -0300
Processing by HomeController#index as HTML
  Rendering home/index.html within layouts/application
  Rendered home/index.html within layouts/application (0.8ms)
Completed 200 OK in 74ms (Views: 71.0ms)


Started GET "/" for 127.0.0.1 at 2018-04-24 13:10:06 -0300
Processing by HomeController#index as HTML
  Rendering home/index.html within layouts/application
  Rendered home/index.html within layouts/application (1.2ms)
Completed 200 OK in 79ms (Views: 75.0ms)


Started GET "/" for 127.0.0.1 at 2018-04-24 13:10:17 -0300
Processing by HomeController#index as HTML
  Rendering home/index.html within layouts/application
  Rendered home/index.html within layouts/application (0.7ms)
Completed 200 OK in 33ms (Views: 29.7ms)


Started GET "/" for 127.0.0.1 at 2018-04-24 13:10:21 -0300
Processing by HomeController#index as HTML
  Rendering home/index.html within layouts/application
  Rendered home/index.html within layouts/application (1.0ms)
Completed 200 OK in 74ms (Views: 69.9ms)


Started GET "/" for 127.0.0.1 at 2018-04-24 13:10:26 -0300
Processing by HomeController#index as HTML
  Rendering home/index.html within layouts/application
  Rendered home/index.html within layouts/application (1.1ms)
Completed 200 OK in 83ms (Views: 78.7ms)


Started GET "/" for 127.0.0.1 at 2018-04-24 13:11:46 -0300
Processing by HomeController#index as HTML
  Rendering home/index.html within layouts/application
  Rendered home/index.html within layouts/application (0.9ms)
Completed 200 OK in 57ms (Views: 52.7ms)


Started GET "/" for 127.0.0.1 at 2018-04-24 13:13:15 -0300
Processing by HomeController#index as HTML
  Rendering home/index.html within layouts/application
  Rendered home/index.html within layouts/application (1.0ms)
Completed 200 OK in 67ms (Views: 62.6ms)


Started GET "/" for 127.0.0.1 at 2018-04-24 13:13:16 -0300
Processing by HomeController#index as HTML
  Rendering home/index.html within layouts/application
  Rendered home/index.html within layouts/application (1.3ms)
Completed 200 OK in 64ms (Views: 60.4ms)


Started GET "/" for 127.0.0.1 at 2018-04-24 13:13:16 -0300
Processing by HomeController#index as HTML
  Rendering home/index.html within layouts/application
  Rendered home/index.html within layouts/application (1.0ms)
Completed 200 OK in 50ms (Views: 45.7ms)


Started GET "/" for 127.0.0.1 at 2018-04-24 13:13:17 -0300
Processing by HomeController#index as HTML
  Rendering home/index.html within layouts/application
  Rendered home/index.html within layouts/application (0.2ms)
Completed 200 OK in 11ms (Views: 10.7ms)


Started GET "/" for 127.0.0.1 at 2018-04-24 13:13:17 -0300
Processing by HomeController#index as HTML
  Rendering home/index.html within layouts/application
  Rendered home/index.html within layouts/application (1.3ms)
Completed 200 OK in 69ms (Views: 65.6ms)


Started GET "/" for 127.0.0.1 at 2018-04-24 13:14:08 -0300
Processing by HomeController#index as HTML
  Rendering home/index.html within layouts/application
  Rendered home/index.html within layouts/application (1.5ms)
Completed 200 OK in 56ms (Views: 51.5ms)


Started GET "/" for 127.0.0.1 at 2018-04-24 13:14:24 -0300
Processing by HomeController#index as HTML
  Rendering home/index.html within layouts/application
  Rendered home/index.html within layouts/application (0.2ms)
Completed 200 OK in 16ms (Views: 14.9ms)


Started GET "/" for 127.0.0.1 at 2018-04-24 13:14:44 -0300
Processing by HomeController#index as HTML
  Rendering home/index.html within layouts/application
  Rendered home/index.html within layouts/application (0.8ms)
Completed 200 OK in 66ms (Views: 61.1ms)


Started GET "/" for 127.0.0.1 at 2018-04-24 13:15:05 -0300
Processing by HomeController#index as HTML
  Rendering home/index.html within layouts/application
  Rendered home/index.html within layouts/application (1.1ms)
Completed 200 OK in 67ms (Views: 64.1ms)


Started GET "/" for 127.0.0.1 at 2018-04-24 13:15:26 -0300
Processing by HomeController#index as HTML
  Rendering home/index.html within layouts/application
  Rendered home/index.html within layouts/application (0.4ms)
Completed 200 OK in 34ms (Views: 32.6ms)


Started GET "/" for 127.0.0.1 at 2018-04-24 13:15:59 -0300
Processing by HomeController#index as HTML
  Rendering home/index.html within layouts/application
  Rendered home/index.html within layouts/application (1.0ms)
Completed 200 OK in 82ms (Views: 77.8ms)


Started GET "/" for 127.0.0.1 at 2018-04-24 13:16:18 -0300
Processing by HomeController#index as HTML
  Rendering home/index.html within layouts/application
  Rendered home/index.html within layouts/application (0.5ms)
Completed 200 OK in 32ms (Views: 29.6ms)


Started GET "/" for 127.0.0.1 at 2018-04-24 13:16:58 -0300
Processing by HomeController#index as HTML
  Rendering home/index.html within layouts/application
  Rendered home/index.html within layouts/application (0.6ms)
Completed 200 OK in 38ms (Views: 34.2ms)


Started GET "/" for 127.0.0.1 at 2018-04-24 13:16:59 -0300
Processing by HomeController#index as HTML
  Rendering home/index.html within layouts/application
  Rendered home/index.html within layouts/application (0.4ms)
Completed 200 OK in 18ms (Views: 16.6ms)


Started GET "/" for 127.0.0.1 at 2018-04-24 13:17:04 -0300
Processing by HomeController#index as HTML
  Rendering home/index.html within layouts/application
  Rendered home/index.html within layouts/application (1.1ms)
Completed 200 OK in 78ms (Views: 73.7ms)


Started GET "/" for 127.0.0.1 at 2018-04-24 13:17:05 -0300
Processing by HomeController#index as HTML
  Rendering home/index.html within layouts/application
  Rendered home/index.html within layouts/application (1.1ms)
Completed 200 OK in 76ms (Views: 71.8ms)


Started GET "/" for 127.0.0.1 at 2018-04-24 13:17:05 -0300
Processing by HomeController#index as HTML
  Rendering home/index.html within layouts/application
  Rendered home/index.html within layouts/application (0.3ms)
Completed 200 OK in 22ms (Views: 21.0ms)


Started GET "/" for 127.0.0.1 at 2018-04-24 13:17:05 -0300
Processing by HomeController#index as HTML
  Rendering home/index.html within layouts/application
  Rendered home/index.html within layouts/application (0.3ms)
Completed 200 OK in 22ms (Views: 20.7ms)


Started GET "/" for 127.0.0.1 at 2018-04-24 13:17:05 -0300
Processing by HomeController#index as HTML
  Rendering home/index.html within layouts/application
  Rendered home/index.html within layouts/application (0.3ms)
Completed 200 OK in 23ms (Views: 21.5ms)


Started GET "/" for 127.0.0.1 at 2018-04-24 13:17:10 -0300
Processing by HomeController#index as HTML
  Rendering home/index.html within layouts/application
  Rendered home/index.html within layouts/application (1.1ms)
Completed 200 OK in 39ms (Views: 36.3ms)


Started GET "/" for 127.0.0.1 at 2018-04-24 13:17:11 -0300
Processing by HomeController#index as HTML
  Rendering home/index.html within layouts/application
  Rendered home/index.html within layouts/application (0.6ms)
Completed 200 OK in 30ms (Views: 25.3ms)


Started GET "/" for 127.0.0.1 at 2018-04-24 13:17:27 -0300
Processing by HomeController#index as HTML
  Rendering home/index.html within layouts/application
  Rendered home/index.html within layouts/application (1.1ms)
Completed 200 OK in 85ms (Views: 81.0ms)


Started GET "/" for 127.0.0.1 at 2018-04-24 13:17:33 -0300
Processing by HomeController#index as HTML
  Rendering home/index.html within layouts/application
  Rendered home/index.html within layouts/application (0.4ms)
Completed 200 OK in 25ms (Views: 22.7ms)


Started GET "/" for 127.0.0.1 at 2018-04-24 13:17:48 -0300
Processing by HomeController#index as HTML
  Rendering home/index.html within layouts/application
  Rendered home/index.html within layouts/application (0.5ms)
Completed 200 OK in 18ms (Views: 16.9ms)


Started GET "/" for 127.0.0.1 at 2018-04-24 13:18:01 -0300
Processing by HomeController#index as HTML
  Rendering home/index.html within layouts/application
  Rendered home/index.html within layouts/application (1.2ms)
Completed 200 OK in 82ms (Views: 76.6ms)


Started GET "/" for 127.0.0.1 at 2018-04-24 13:19:26 -0300
Processing by HomeController#index as HTML
  Rendering home/index.html within layouts/application
  Rendered home/index.html within layouts/application (1.0ms)
Completed 200 OK in 70ms (Views: 65.5ms)


Started GET "/" for 127.0.0.1 at 2018-04-24 13:19:27 -0300
Processing by HomeController#index as HTML
  Rendering home/index.html within layouts/application
  Rendered home/index.html within layouts/application (0.8ms)
Completed 200 OK in 62ms (Views: 57.9ms)


Started GET "/" for 127.0.0.1 at 2018-04-24 13:19:27 -0300
Processing by HomeController#index as HTML
  Rendering home/index.html within layouts/application
  Rendered home/index.html within layouts/application (1.4ms)
Completed 200 OK in 55ms (Views: 52.4ms)


Started GET "/" for 127.0.0.1 at 2018-04-24 13:19:28 -0300
Processing by HomeController#index as HTML
  Rendering home/index.html within layouts/application
  Rendered home/index.html within layouts/application (0.3ms)
Completed 200 OK in 19ms (Views: 17.4ms)


Started GET "/" for 127.0.0.1 at 2018-04-24 13:19:28 -0300
Processing by HomeController#index as HTML
  Rendering home/index.html within layouts/application
  Rendered home/index.html within layouts/application (1.0ms)
Completed 200 OK in 59ms (Views: 56.0ms)


Started GET "/" for 127.0.0.1 at 2018-04-24 13:19:28 -0300
Processing by HomeController#index as HTML
  Rendering home/index.html within layouts/application
  Rendered home/index.html within layouts/application (0.9ms)
Completed 200 OK in 59ms (Views: 54.5ms)


Started GET "/" for 127.0.0.1 at 2018-04-24 13:20:01 -0300
Processing by HomeController#index as HTML
  Rendering home/index.html within layouts/application
  Rendered home/index.html within layouts/application (1.1ms)
Completed 200 OK in 66ms (Views: 62.4ms)


Started GET "/" for 127.0.0.1 at 2018-04-24 13:20:08 -0300
Processing by HomeController#index as HTML
  Rendering home/index.html within layouts/application
  Rendered home/index.html within layouts/application (0.5ms)
Completed 200 OK in 30ms (Views: 27.4ms)


Started GET "/" for 127.0.0.1 at 2018-04-24 13:20:18 -0300
Processing by HomeController#index as HTML
  Rendering home/index.html within layouts/application
  Rendered home/index.html within layouts/application (0.3ms)
Completed 200 OK in 23ms (Views: 21.5ms)


Started GET "/" for 127.0.0.1 at 2018-04-24 13:20:19 -0300
Processing by HomeController#index as HTML
  Rendering home/index.html within layouts/application
  Rendered home/index.html within layouts/application (0.4ms)
Completed 200 OK in 18ms (Views: 16.7ms)


Started GET "/" for 127.0.0.1 at 2018-04-24 13:20:19 -0300
Processing by HomeController#index as HTML
  Rendering home/index.html within layouts/application
  Rendered home/index.html within layouts/application (1.0ms)
Completed 200 OK in 60ms (Views: 56.3ms)


Started GET "/" for 127.0.0.1 at 2018-04-24 13:20:19 -0300
Processing by HomeController#index as HTML
  Rendering home/index.html within layouts/application
  Rendered home/index.html within layouts/application (0.3ms)
Completed 200 OK in 14ms (Views: 13.5ms)


Started GET "/" for 127.0.0.1 at 2018-04-24 13:20:20 -0300
Processing by HomeController#index as HTML
  Rendering home/index.html within layouts/application
  Rendered home/index.html within layouts/application (0.4ms)
Completed 200 OK in 29ms (Views: 27.2ms)


Started GET "/" for 127.0.0.1 at 2018-04-24 13:21:08 -0300
Processing by HomeController#index as HTML
  Rendering home/index.html within layouts/application
  Rendered home/index.html within layouts/application (1.7ms)
Completed 200 OK in 62ms (Views: 57.4ms)


Started GET "/" for 127.0.0.1 at 2018-04-24 13:21:28 -0300
Processing by HomeController#index as HTML
  Rendering home/index.html within layouts/application
  Rendered home/index.html within layouts/application (1.0ms)
Completed 200 OK in 53ms (Views: 51.1ms)


Started GET "/" for 127.0.0.1 at 2018-04-24 13:21:49 -0300
Processing by HomeController#index as HTML
  Rendering home/index.html within layouts/application
  Rendered home/index.html within layouts/application (1.2ms)
Completed 200 OK in 76ms (Views: 71.2ms)


Started GET "/" for 127.0.0.1 at 2018-04-24 13:22:37 -0300
Processing by HomeController#index as HTML
  Rendering home/index.html within layouts/application
  Rendered home/index.html within layouts/application (0.8ms)
Completed 200 OK in 75ms (Views: 71.4ms)


Started GET "/" for 127.0.0.1 at 2018-04-24 13:22:38 -0300
Processing by HomeController#index as HTML
  Rendering home/index.html within layouts/application
  Rendered home/index.html within layouts/application (1.2ms)
Completed 200 OK in 68ms (Views: 64.0ms)


Started GET "/" for 127.0.0.1 at 2018-04-24 13:22:38 -0300
Processing by HomeController#index as HTML
  Rendering home/index.html within layouts/application
  Rendered home/index.html within layouts/application (0.3ms)
Completed 200 OK in 14ms (Views: 12.9ms)


Started GET "/" for 127.0.0.1 at 2018-04-24 13:22:38 -0300
Processing by HomeController#index as HTML
  Rendering home/index.html within layouts/application
  Rendered home/index.html within layouts/application (1.1ms)
Completed 200 OK in 64ms (Views: 59.5ms)


Started GET "/" for 127.0.0.1 at 2018-04-24 13:22:52 -0300
Processing by HomeController#index as HTML
  Rendering home/index.html within layouts/application
  Rendered home/index.html within layouts/application (1.1ms)
Completed 200 OK in 81ms (Views: 76.7ms)


Started GET "/" for 127.0.0.1 at 2018-04-24 13:22:56 -0300
Processing by HomeController#index as HTML
  Rendering home/index.html within layouts/application
  Rendered home/index.html within layouts/application (1.2ms)
Completed 200 OK in 62ms (Views: 58.6ms)


Started GET "/" for 127.0.0.1 at 2018-04-24 13:23:08 -0300
Processing by HomeController#index as HTML
  Rendering home/index.html within layouts/application
  Rendered home/index.html within layouts/application (1.5ms)
Completed 200 OK in 79ms (Views: 74.4ms)


Started GET "/" for 127.0.0.1 at 2018-04-24 13:23:25 -0300
Processing by HomeController#index as HTML
  Rendering home/index.html within layouts/application
  Rendered home/index.html within layouts/application (1.0ms)
Completed 200 OK in 53ms (Views: 49.6ms)


Started GET "/" for 127.0.0.1 at 2018-04-24 13:23:47 -0300
Processing by HomeController#index as HTML
  Rendering home/index.html within layouts/application
  Rendered home/index.html within layouts/application (0.7ms)
Completed 200 OK in 74ms (Views: 70.9ms)


Started GET "/" for 127.0.0.1 at 2018-04-24 13:26:11 -0300
Processing by HomeController#index as HTML
  Rendering home/index.html within layouts/application
  Rendered home/index.html within layouts/application (0.4ms)
Completed 200 OK in 22ms (Views: 20.6ms)


Started GET "/" for 127.0.0.1 at 2018-04-24 13:26:30 -0300
Processing by HomeController#index as HTML
  Rendering home/index.html within layouts/application
  Rendered home/index.html within layouts/application (0.4ms)
Completed 200 OK in 23ms (Views: 21.2ms)


Started GET "/" for 127.0.0.1 at 2018-04-24 13:26:33 -0300
Processing by HomeController#index as HTML
  Rendering home/index.html within layouts/application
  Rendered home/index.html within layouts/application (0.4ms)
Completed 200 OK in 31ms (Views: 30.3ms)


Started GET "/" for 127.0.0.1 at 2018-04-24 13:26:37 -0300
Processing by HomeController#index as HTML
  Rendering home/index.html within layouts/application
  Rendered home/index.html within layouts/application (0.7ms)
Completed 200 OK in 57ms (Views: 54.8ms)


Started GET "/" for 127.0.0.1 at 2018-04-24 13:26:50 -0300
Processing by HomeController#index as HTML
  Rendering home/index.html within layouts/application
  Rendered home/index.html within layouts/application (1.1ms)
Completed 200 OK in 68ms (Views: 63.0ms)


Started GET "/" for 127.0.0.1 at 2018-04-24 13:27:21 -0300
Processing by HomeController#index as HTML
  Rendering home/index.html within layouts/application
  Rendered home/index.html within layouts/application (0.3ms)
Completed 200 OK in 24ms (Views: 22.3ms)


Started GET "/" for 127.0.0.1 at 2018-04-24 13:28:39 -0300
Processing by HomeController#index as HTML
  Rendering home/index.html within layouts/application
  Rendered home/index.html within layouts/application (1.0ms)
Completed 200 OK in 66ms (Views: 61.1ms)


Started GET "/" for 127.0.0.1 at 2018-04-24 13:28:39 -0300
Processing by HomeController#index as HTML
  Rendering home/index.html within layouts/application
  Rendered home/index.html within layouts/application (1.3ms)
Completed 200 OK in 61ms (Views: 57.4ms)


Started GET "/" for 127.0.0.1 at 2018-04-24 13:28:39 -0300
Processing by HomeController#index as HTML
  Rendering home/index.html within layouts/application
  Rendered home/index.html within layouts/application (0.2ms)
Completed 200 OK in 14ms (Views: 12.9ms)


Started GET "/" for 127.0.0.1 at 2018-04-24 13:28:40 -0300
Processing by HomeController#index as HTML
  Rendering home/index.html within layouts/application
  Rendered home/index.html within layouts/application (0.3ms)
Completed 200 OK in 30ms (Views: 28.9ms)


Started GET "/" for 127.0.0.1 at 2018-04-24 13:28:40 -0300
Processing by HomeController#index as HTML
  Rendering home/index.html within layouts/application
  Rendered home/index.html within layouts/application (0.4ms)
Completed 200 OK in 21ms (Views: 19.4ms)


Started GET "/" for 127.0.0.1 at 2018-04-24 13:32:05 -0300
Processing by HomeController#index as HTML
  Rendering home/index.html within layouts/application
  Rendered home/index.html within layouts/application (1.2ms)
Completed 200 OK in 51ms (Views: 46.4ms)


Started GET "/" for 127.0.0.1 at 2018-04-24 13:32:20 -0300
Processing by HomeController#index as HTML
  Rendering home/index.html within layouts/application
  Rendered home/index.html within layouts/application (1.1ms)
Completed 200 OK in 82ms (Views: 77.2ms)


Started GET "/" for 127.0.0.1 at 2018-04-24 13:32:23 -0300
Processing by HomeController#index as HTML
  Rendering home/index.html within layouts/application
  Rendered home/index.html within layouts/application (1.1ms)
Completed 200 OK in 70ms (Views: 65.6ms)


Started GET "/" for 127.0.0.1 at 2018-04-24 13:32:28 -0300
Processing by HomeController#index as HTML
  Rendering home/index.html within layouts/application
  Rendered home/index.html within layouts/application (1.0ms)
Completed 200 OK in 69ms (Views: 65.4ms)


Started GET "/" for 127.0.0.1 at 2018-04-24 13:33:10 -0300
Processing by HomeController#index as HTML
  Rendering home/index.html within layouts/application
  Rendered home/index.html within layouts/application (0.4ms)
Completed 200 OK in 26ms (Views: 23.8ms)


Started GET "/" for 127.0.0.1 at 2018-04-24 13:33:17 -0300
Processing by HomeController#index as HTML
  Rendering home/index.html within layouts/application
  Rendered home/index.html within layouts/application (0.3ms)
Completed 200 OK in 24ms (Views: 22.8ms)


Started GET "/" for 127.0.0.1 at 2018-04-24 13:33:39 -0300
Processing by HomeController#index as HTML
  Rendering home/index.html within layouts/application
  Rendered home/index.html within layouts/application (1.3ms)
Completed 200 OK in 71ms (Views: 67.0ms)


Started GET "/" for 127.0.0.1 at 2018-04-24 13:33:54 -0300
Processing by HomeController#index as HTML
  Rendering home/index.html within layouts/application
  Rendered home/index.html within layouts/application (1.2ms)
Completed 200 OK in 60ms (Views: 55.9ms)


Started GET "/" for 127.0.0.1 at 2018-04-24 13:35:14 -0300
Processing by HomeController#index as HTML
  Rendering home/index.html within layouts/application
  Rendered home/index.html within layouts/application (1.2ms)
Completed 200 OK in 71ms (Views: 67.1ms)


Started GET "/" for 127.0.0.1 at 2018-04-24 13:35:15 -0300
Processing by HomeController#index as HTML
  Rendering home/index.html within layouts/application
  Rendered home/index.html within layouts/application (0.4ms)
Completed 200 OK in 19ms (Views: 17.9ms)


Started GET "/" for 127.0.0.1 at 2018-04-24 13:35:27 -0300
Processing by HomeController#index as HTML
  Rendering home/index.html within layouts/application
  Rendered home/index.html within layouts/application (1.0ms)
Completed 200 OK in 63ms (Views: 58.2ms)


Started GET "/" for 127.0.0.1 at 2018-04-24 13:35:39 -0300
Processing by HomeController#index as HTML
  Rendering home/index.html within layouts/application
  Rendered home/index.html within layouts/application (0.4ms)
Completed 200 OK in 23ms (Views: 21.0ms)


Started GET "/" for 127.0.0.1 at 2018-04-24 13:35:40 -0300
Processing by HomeController#index as HTML
  Rendering home/index.html within layouts/application
  Rendered home/index.html within layouts/application (1.2ms)
Completed 200 OK in 70ms (Views: 65.6ms)


Started GET "/" for 127.0.0.1 at 2018-04-24 13:35:54 -0300
Processing by HomeController#index as HTML
  Rendering home/index.html within layouts/application
  Rendered home/index.html within layouts/application (0.7ms)
Completed 200 OK in 45ms (Views: 40.5ms)


Started GET "/" for 127.0.0.1 at 2018-04-24 13:35:54 -0300
Processing by HomeController#index as HTML
  Rendering home/index.html within layouts/application
  Rendered home/index.html within layouts/application (0.9ms)
Completed 200 OK in 67ms (Views: 63.2ms)


Started GET "/" for 127.0.0.1 at 2018-04-24 13:35:54 -0300
Processing by HomeController#index as HTML
  Rendering home/index.html within layouts/application
  Rendered home/index.html within layouts/application (0.2ms)
Completed 200 OK in 14ms (Views: 13.5ms)


Started GET "/" for 127.0.0.1 at 2018-04-24 13:35:54 -0300
Processing by HomeController#index as HTML
  Rendering home/index.html within layouts/application
  Rendered home/index.html within layouts/application (0.2ms)
Completed 200 OK in 13ms (Views: 12.5ms)


Started GET "/" for 127.0.0.1 at 2018-04-24 13:36:02 -0300
Processing by HomeController#index as HTML
  Rendering home/index.html within layouts/application
  Rendered home/index.html within layouts/application (0.2ms)
Completed 200 OK in 16ms (Views: 15.6ms)


Started GET "/" for 127.0.0.1 at 2018-04-24 13:36:11 -0300
Processing by HomeController#index as HTML
  Rendering home/index.html within layouts/application
  Rendered home/index.html within layouts/application (0.5ms)
Completed 200 OK in 32ms (Views: 29.8ms)


Started GET "/" for 127.0.0.1 at 2018-04-24 13:36:15 -0300
Processing by HomeController#index as HTML
  Rendering home/index.html within layouts/application
  Rendered home/index.html within layouts/application (0.4ms)
Completed 200 OK in 22ms (Views: 20.0ms)


Started GET "/" for 127.0.0.1 at 2018-04-24 13:36:18 -0300
Processing by HomeController#index as HTML
  Rendering home/index.html within layouts/application
  Rendered home/index.html within layouts/application (0.5ms)
Completed 200 OK in 24ms (Views: 22.2ms)


Started GET "/" for 127.0.0.1 at 2018-04-24 13:36:38 -0300
Processing by HomeController#index as HTML
  Rendering home/index.html within layouts/application
  Rendered home/index.html within layouts/application (0.4ms)
Completed 200 OK in 19ms (Views: 17.2ms)


Started GET "/" for 127.0.0.1 at 2018-04-24 13:36:41 -0300
Processing by HomeController#index as HTML
  Rendering home/index.html within layouts/application
  Rendered home/index.html within layouts/application (0.8ms)
Completed 200 OK in 85ms (Views: 81.9ms)


Started GET "/" for 127.0.0.1 at 2018-04-24 13:36:44 -0300
Processing by HomeController#index as HTML
  Rendering home/index.html within layouts/application
  Rendered home/index.html within layouts/application (1.0ms)
Completed 200 OK in 57ms (Views: 54.3ms)


Started GET "/" for 127.0.0.1 at 2018-04-24 13:39:18 -0300
Processing by HomeController#index as HTML
  Rendering home/index.html within layouts/application
  Rendered home/index.html within layouts/application (1.3ms)
Completed 200 OK in 97ms (Views: 93.0ms)


Started GET "/" for 127.0.0.1 at 2018-04-24 13:39:25 -0300
Processing by HomeController#index as HTML
  Rendering home/index.html within layouts/application
  Rendered home/index.html within layouts/application (0.9ms)
Completed 200 OK in 53ms (Views: 48.6ms)


Started GET "/" for 127.0.0.1 at 2018-04-24 13:39:26 -0300
Processing by HomeController#index as HTML
  Rendering home/index.html within layouts/application
  Rendered home/index.html within layouts/application (1.4ms)
Completed 200 OK in 44ms (Views: 40.5ms)


Started GET "/" for 127.0.0.1 at 2018-04-24 13:39:26 -0300
Processing by HomeController#index as HTML
  Rendering home/index.html within layouts/application
  Rendered home/index.html within layouts/application (0.2ms)
Completed 200 OK in 14ms (Views: 12.9ms)


Started GET "/" for 127.0.0.1 at 2018-04-24 13:39:26 -0300
Processing by HomeController#index as HTML
  Rendering home/index.html within layouts/application
  Rendered home/index.html within layouts/application (1.1ms)
Completed 200 OK in 74ms (Views: 71.1ms)


Started GET "/" for 127.0.0.1 at 2018-04-24 13:39:26 -0300
Processing by HomeController#index as HTML
  Rendering home/index.html within layouts/application
  Rendered home/index.html within layouts/application (0.3ms)
Completed 200 OK in 14ms (Views: 13.3ms)


Started GET "/" for 127.0.0.1 at 2018-04-24 13:39:31 -0300
Processing by HomeController#index as HTML
  Rendering home/index.html within layouts/application
  Rendered home/index.html within layouts/application (1.1ms)
Completed 200 OK in 83ms (Views: 78.5ms)


Started GET "/" for 127.0.0.1 at 2018-04-24 13:39:34 -0300
Processing by HomeController#index as HTML
  Rendering home/index.html within layouts/application
  Rendered home/index.html within layouts/application (0.5ms)
Completed 200 OK in 41ms (Views: 39.4ms)


Started GET "/" for 127.0.0.1 at 2018-04-24 13:39:38 -0300
Processing by HomeController#index as HTML
  Rendering home/index.html within layouts/application
  Rendered home/index.html within layouts/application (0.4ms)
Completed 200 OK in 35ms (Views: 33.4ms)


Started GET "/" for 127.0.0.1 at 2018-04-24 13:39:38 -0300
Processing by HomeController#index as HTML
  Rendering home/index.html within layouts/application
  Rendered home/index.html within layouts/application (0.9ms)
Completed 200 OK in 65ms (Views: 60.3ms)


Started GET "/" for 127.0.0.1 at 2018-04-24 13:39:38 -0300
Processing by HomeController#index as HTML
  Rendering home/index.html within layouts/application
  Rendered home/index.html within layouts/application (0.3ms)
Completed 200 OK in 17ms (Views: 16.0ms)


Started GET "/" for 127.0.0.1 at 2018-04-24 13:39:47 -0300
Processing by HomeController#index as HTML
  Rendering home/index.html within layouts/application
  Rendered home/index.html within layouts/application (1.1ms)
Completed 200 OK in 48ms (Views: 42.0ms)


Started GET "/" for 127.0.0.1 at 2018-04-24 13:39:48 -0300
Processing by HomeController#index as HTML
  Rendering home/index.html within layouts/application
  Rendered home/index.html within layouts/application (0.5ms)
Completed 200 OK in 27ms (Views: 24.4ms)


Started GET "/" for 127.0.0.1 at 2018-04-24 13:40:02 -0300
Processing by HomeController#index as HTML
  Rendering home/index.html within layouts/application
  Rendered home/index.html within layouts/application (1.3ms)
Completed 200 OK in 74ms (Views: 69.0ms)


Started GET "/" for 127.0.0.1 at 2018-04-24 13:40:12 -0300
Processing by HomeController#index as HTML
  Rendering home/index.html within layouts/application
  Rendered home/index.html within layouts/application (0.3ms)
Completed 200 OK in 27ms (Views: 25.9ms)


Started GET "/" for 127.0.0.1 at 2018-04-24 13:40:24 -0300
Processing by HomeController#index as HTML
  Rendering home/index.html within layouts/application
  Rendered home/index.html within layouts/application (0.6ms)
Completed 200 OK in 46ms (Views: 43.2ms)


Started GET "/" for 127.0.0.1 at 2018-04-24 13:40:24 -0300
Processing by HomeController#index as HTML
  Rendering home/index.html within layouts/application
  Rendered home/index.html within layouts/application (0.3ms)
Completed 200 OK in 17ms (Views: 15.4ms)


Started GET "/" for 127.0.0.1 at 2018-04-24 13:40:25 -0300
Processing by HomeController#index as HTML
  Rendering home/index.html within layouts/application
  Rendered home/index.html within layouts/application (0.3ms)
Completed 200 OK in 16ms (Views: 14.6ms)


Started GET "/" for 127.0.0.1 at 2018-04-24 13:40:25 -0300
Processing by HomeController#index as HTML
  Rendering home/index.html within layouts/application
  Rendered home/index.html within layouts/application (1.3ms)
Completed 200 OK in 49ms (Views: 45.3ms)


Started GET "/" for 127.0.0.1 at 2018-04-24 13:40:25 -0300
Processing by HomeController#index as HTML
  Rendering home/index.html within layouts/application
  Rendered home/index.html within layouts/application (0.2ms)
Completed 200 OK in 10ms (Views: 9.1ms)


Started GET "/" for 127.0.0.1 at 2018-04-24 13:40:29 -0300
Processing by HomeController#index as HTML
  Rendering home/index.html within layouts/application
  Rendered home/index.html within layouts/application (1.2ms)
Completed 200 OK in 36ms (Views: 32.6ms)


Started GET "/" for 127.0.0.1 at 2018-04-24 13:40:30 -0300
Processing by HomeController#index as HTML
  Rendering home/index.html within layouts/application
  Rendered home/index.html within layouts/application (0.8ms)
Completed 200 OK in 27ms (Views: 22.9ms)


Started GET "/" for 127.0.0.1 at 2018-04-24 13:40:38 -0300
Processing by HomeController#index as HTML
  Rendering home/index.html within layouts/application
  Rendered home/index.html within layouts/application (0.3ms)
Completed 200 OK in 18ms (Views: 16.2ms)


Started GET "/" for 127.0.0.1 at 2018-04-24 13:41:25 -0300
Processing by HomeController#index as HTML
  Rendering home/index.html within layouts/application
  Rendered home/index.html within layouts/application (0.7ms)
Completed 200 OK in 41ms (Views: 37.2ms)


Started GET "/" for 127.0.0.1 at 2018-04-24 13:41:26 -0300
Processing by HomeController#index as HTML
  Rendering home/index.html within layouts/application
  Rendered home/index.html within layouts/application (0.9ms)
Completed 200 OK in 59ms (Views: 55.3ms)


Started GET "/" for 127.0.0.1 at 2018-04-24 13:41:27 -0300
Processing by HomeController#index as HTML
  Rendering home/index.html within layouts/application
  Rendered home/index.html within layouts/application (0.4ms)
Completed 200 OK in 21ms (Views: 18.8ms)


Started GET "/" for 127.0.0.1 at 2018-04-24 13:41:45 -0300
Processing by HomeController#index as HTML
  Rendering home/index.html within layouts/application
  Rendered home/index.html within layouts/application (0.9ms)
Completed 200 OK in 42ms (Views: 37.8ms)


Started GET "/" for 127.0.0.1 at 2018-04-24 13:41:50 -0300
Processing by HomeController#index as HTML
  Rendering home/index.html within layouts/application
  Rendered home/index.html within layouts/application (0.5ms)
Completed 200 OK in 48ms (Views: 45.7ms)


Started GET "/" for 127.0.0.1 at 2018-04-24 13:41:55 -0300
Processing by HomeController#index as HTML
  Rendering home/index.html within layouts/application
  Rendered home/index.html within layouts/application (0.3ms)
Completed 200 OK in 24ms (Views: 23.0ms)


Started GET "/" for 127.0.0.1 at 2018-04-24 13:42:05 -0300
Processing by HomeController#index as HTML
  Rendering home/index.html within layouts/application
  Rendered home/index.html within layouts/application (0.8ms)
Completed 200 OK in 40ms (Views: 36.2ms)


Started GET "/" for 127.0.0.1 at 2018-04-24 13:42:29 -0300
Processing by HomeController#index as HTML
  Rendering home/index.html within layouts/application
  Rendered home/index.html within layouts/application (1.0ms)
Completed 200 OK in 90ms (Views: 85.4ms)


Started GET "/" for 127.0.0.1 at 2018-04-24 13:44:16 -0300
Processing by HomeController#index as HTML
  Rendering home/index.html within layouts/application
  Rendered home/index.html within layouts/application (0.3ms)
Completed 200 OK in 19ms (Views: 17.4ms)


Started GET "/" for 127.0.0.1 at 2018-04-24 13:44:26 -0300
Processing by HomeController#index as HTML
  Rendering home/index.html within layouts/application
  Rendered home/index.html within layouts/application (0.9ms)
Completed 200 OK in 55ms (Views: 52.8ms)


Started GET "/" for 127.0.0.1 at 2018-04-24 13:45:01 -0300
Processing by HomeController#index as HTML
  Rendering home/index.html within layouts/application
  Rendered home/index.html within layouts/application (0.7ms)
Completed 200 OK in 33ms (Views: 30.1ms)


Started GET "/" for 127.0.0.1 at 2018-04-24 13:45:09 -0300
Processing by HomeController#index as HTML
  Rendering home/index.html within layouts/application
  Rendered home/index.html within layouts/application (1.3ms)
Completed 200 OK in 67ms (Views: 63.2ms)


Started GET "/" for 127.0.0.1 at 2018-04-24 13:45:14 -0300
Processing by HomeController#index as HTML
  Rendering home/index.html within layouts/application
  Rendered home/index.html within layouts/application (1.1ms)
Completed 200 OK in 44ms (Views: 40.3ms)


Started GET "/" for 127.0.0.1 at 2018-04-24 13:45:15 -0300
Processing by HomeController#index as HTML
  Rendering home/index.html within layouts/application
  Rendered home/index.html within layouts/application (0.4ms)
Completed 200 OK in 19ms (Views: 17.3ms)


Started GET "/" for 127.0.0.1 at 2018-04-24 13:45:35 -0300
Processing by HomeController#index as HTML
  Rendering home/index.html within layouts/application
  Rendered home/index.html within layouts/application (0.3ms)
Completed 200 OK in 19ms (Views: 18.0ms)


Started GET "/" for 127.0.0.1 at 2018-04-24 13:46:14 -0300
Processing by HomeController#index as HTML
  Rendering home/index.html within layouts/application
  Rendered home/index.html within layouts/application (1.2ms)
Completed 200 OK in 48ms (Views: 43.8ms)


Started GET "/" for 127.0.0.1 at 2018-04-24 13:46:50 -0300
Processing by HomeController#index as HTML
  Rendering home/index.html within layouts/application
  Rendered home/index.html within layouts/application (0.4ms)
Completed 200 OK in 31ms (Views: 28.8ms)


Started GET "/" for 127.0.0.1 at 2018-04-24 13:46:51 -0300
Processing by HomeController#index as HTML
  Rendering home/index.html within layouts/application
  Rendered home/index.html within layouts/application (0.3ms)
Completed 200 OK in 15ms (Views: 13.6ms)


Started GET "/" for 127.0.0.1 at 2018-04-24 13:46:51 -0300
Processing by HomeController#index as HTML
  Rendering home/index.html within layouts/application
  Rendered home/index.html within layouts/application (0.3ms)
Completed 200 OK in 17ms (Views: 15.5ms)


Started GET "/" for 127.0.0.1 at 2018-04-24 13:46:52 -0300
Processing by HomeController#index as HTML
  Rendering home/index.html within layouts/application
  Rendered home/index.html within layouts/application (0.7ms)
Completed 200 OK in 40ms (Views: 37.3ms)


Started GET "/" for 127.0.0.1 at 2018-04-24 13:46:52 -0300
Processing by HomeController#index as HTML
  Rendering home/index.html within layouts/application
  Rendered home/index.html within layouts/application (0.2ms)
Completed 200 OK in 11ms (Views: 10.1ms)


Started GET "/" for 127.0.0.1 at 2018-04-24 13:47:49 -0300
Processing by HomeController#index as HTML
  Rendering home/index.html within layouts/application
  Rendered home/index.html within layouts/application (0.3ms)
Completed 200 OK in 18ms (Views: 16.2ms)


Started GET "/" for 127.0.0.1 at 2018-04-24 13:48:26 -0300
Processing by HomeController#index as HTML
  Rendering home/index.html within layouts/application
  Rendered home/index.html within layouts/application (0.5ms)
Completed 200 OK in 21ms (Views: 20.1ms)


Started GET "/" for 127.0.0.1 at 2018-04-24 13:48:26 -0300
Processing by HomeController#index as HTML
  Rendering home/index.html within layouts/application
  Rendered home/index.html within layouts/application (0.4ms)
Completed 200 OK in 24ms (Views: 21.3ms)


Started GET "/" for 127.0.0.1 at 2018-04-24 13:48:27 -0300
Processing by HomeController#index as HTML
  Rendering home/index.html within layouts/application
  Rendered home/index.html within layouts/application (0.2ms)
Completed 200 OK in 12ms (Views: 11.4ms)


Started GET "/" for 127.0.0.1 at 2018-04-24 13:48:27 -0300
Processing by HomeController#index as HTML
  Rendering home/index.html within layouts/application
  Rendered home/index.html within layouts/application (0.5ms)
Completed 200 OK in 20ms (Views: 18.6ms)


Started GET "/" for 127.0.0.1 at 2018-04-24 13:48:52 -0300
Processing by HomeController#index as HTML
  Rendering home/index.html within layouts/application
  Rendered home/index.html within layouts/application (1.3ms)
Completed 200 OK in 57ms (Views: 54.3ms)


Started GET "/" for 127.0.0.1 at 2018-04-24 13:48:53 -0300
Processing by HomeController#index as HTML
  Rendering home/index.html within layouts/application
  Rendered home/index.html within layouts/application (0.4ms)
Completed 200 OK in 18ms (Views: 15.9ms)


Started GET "/" for 127.0.0.1 at 2018-04-24 13:49:01 -0300
Processing by HomeController#index as HTML
  Rendering home/index.html within layouts/application
  Rendered home/index.html within layouts/application (0.4ms)
Completed 200 OK in 24ms (Views: 22.8ms)


Started GET "/" for 127.0.0.1 at 2018-04-24 13:49:01 -0300
Processing by HomeController#index as HTML
  Rendering home/index.html within layouts/application
  Rendered home/index.html within layouts/application (1.3ms)
Completed 200 OK in 42ms (Views: 38.6ms)


Started GET "/" for 127.0.0.1 at 2018-04-24 13:49:01 -0300
Processing by HomeController#index as HTML
  Rendering home/index.html within layouts/application
  Rendered home/index.html within layouts/application (1.3ms)
Completed 200 OK in 64ms (Views: 60.7ms)


Started GET "/" for 127.0.0.1 at 2018-04-24 13:49:02 -0300
Processing by HomeController#index as HTML
  Rendering home/index.html within layouts/application
  Rendered home/index.html within layouts/application (0.4ms)
Completed 200 OK in 18ms (Views: 17.4ms)


Started GET "/" for 127.0.0.1 at 2018-04-24 13:49:02 -0300
Processing by HomeController#index as HTML
  Rendering home/index.html within layouts/application
  Rendered home/index.html within layouts/application (0.3ms)
Completed 200 OK in 19ms (Views: 18.2ms)


Started GET "/" for 127.0.0.1 at 2018-04-24 13:50:39 -0300
Processing by HomeController#index as HTML
  Rendering home/index.html within layouts/application
  Rendered home/index.html within layouts/application (0.8ms)
Completed 200 OK in 39ms (Views: 34.0ms)


Started GET "/" for 127.0.0.1 at 2018-04-24 13:50:40 -0300
Processing by HomeController#index as HTML
  Rendering home/index.html within layouts/application
  Rendered home/index.html within layouts/application (0.5ms)
Completed 200 OK in 20ms (Views: 18.3ms)


Started GET "/" for 127.0.0.1 at 2018-04-24 13:50:58 -0300
Processing by HomeController#index as HTML
  Rendering home/index.html within layouts/application
  Rendered home/index.html within layouts/application (0.7ms)
Completed 200 OK in 49ms (Views: 46.7ms)


Started GET "/" for 127.0.0.1 at 2018-04-24 13:50:58 -0300
Processing by HomeController#index as HTML
  Rendering home/index.html within layouts/application
  Rendered home/index.html within layouts/application (1.4ms)
Completed 200 OK in 45ms (Views: 41.2ms)


Started GET "/" for 127.0.0.1 at 2018-04-24 13:50:59 -0300
Processing by HomeController#index as HTML
  Rendering home/index.html within layouts/application
  Rendered home/index.html within layouts/application (0.4ms)
Completed 200 OK in 19ms (Views: 18.1ms)


Started GET "/" for 127.0.0.1 at 2018-04-24 13:55:30 -0300
Processing by HomeController#index as HTML
  Rendering home/index.html within layouts/application
  Rendered home/index.html within layouts/application (1.3ms)
Completed 200 OK in 39ms (Views: 35.5ms)


Started GET "/" for 127.0.0.1 at 2018-04-24 13:55:30 -0300
Processing by HomeController#index as HTML
  Rendering home/index.html within layouts/application
  Rendered home/index.html within layouts/application (0.3ms)
Completed 200 OK in 12ms (Views: 10.5ms)


Started GET "/" for 127.0.0.1 at 2018-04-24 13:55:30 -0300
Processing by HomeController#index as HTML
  Rendering home/index.html within layouts/application
  Rendered home/index.html within layouts/application (1.4ms)
Completed 200 OK in 73ms (Views: 68.8ms)


Started GET "/" for 127.0.0.1 at 2018-04-24 13:55:31 -0300
Processing by HomeController#index as HTML
  Rendering home/index.html within layouts/application
  Rendered home/index.html within layouts/application (1.6ms)
Completed 200 OK in 86ms (Views: 81.6ms)


